e:\github\the_c_programming_texbook\c语言程序设计(何钦铭第三版)课本及实验与习题指南中的练习\c语言程序设计(何钦铭第三版)课本及实验与习题指南中的练习\debug\vc142.pdb
e:\github\the_c_programming_texbook\c语言程序设计(何钦铭第三版)课本及实验与习题指南中的练习\c语言程序设计(何钦铭第三版)课本及实验与习题指南中的练习\debug\vc142.idb
e:\github\the_c_programming_texbook\c语言程序设计(何钦铭第三版)课本及实验与习题指南中的练习\c语言程序设计(何钦铭第三版)课本及实验与习题指南中的练习\debug\例2-2.obj
e:\github\the_c_programming_texbook\c语言程序设计(何钦铭第三版)课本及实验与习题指南中的练习\c语言程序设计(何钦铭第三版)课本及实验与习题指南中的练习\debug\例2-1.obj
e:\github\the_c_programming_texbook\c语言程序设计(何钦铭第三版)课本及实验与习题指南中的练习\c语言程序设计(何钦铭第三版)课本及实验与习题指南中的练习\debug\例2-3.obj
e:\github\the_c_programming_texbook\c语言程序设计(何钦铭第三版)课本及实验与习题指南中的练习\c语言程序设计(何钦铭第三版)课本及实验与习题指南中的练习\debug\例2-4.obj
e:\github\the_c_programming_texbook\c语言程序设计(何钦铭第三版)课本及实验与习题指南中的练习\c语言程序设计(何钦铭第三版)课本及实验与习题指南中的练习\debug\例2-5.obj
e:\github\the_c_programming_texbook\c语言程序设计(何钦铭第三版)课本及实验与习题指南中的练习\c语言程序设计(何钦铭第三版)课本及实验与习题指南中的练习\debug\例2-6.obj
e:\github\the_c_programming_texbook\c语言程序设计(何钦铭第三版)课本及实验与习题指南中的练习\c语言程序设计(何钦铭第三版)课本及实验与习题指南中的练习\debug\例2-7.obj
e:\github\the_c_programming_texbook\c语言程序设计(何钦铭第三版)课本及实验与习题指南中的练习\c语言程序设计(何钦铭第三版)课本及实验与习题指南中的练习\debug\例2-8.obj
e:\github\the_c_programming_texbook\c语言程序设计(何钦铭第三版)课本及实验与习题指南中的练习\c语言程序设计(何钦铭第三版)课本及实验与习题指南中的练习\debug\例2-9.obj
e:\github\the_c_programming_texbook\c语言程序设计(何钦铭第三版)课本及实验与习题指南中的练习\c语言程序设计(何钦铭第三版)课本及实验与习题指南中的练习\debug\例2-10.obj
e:\github\the_c_programming_texbook\c语言程序设计(何钦铭第三版)课本及实验与习题指南中的练习\c语言程序设计(何钦铭第三版)课本及实验与习题指南中的练习\debug\例2-11.obj
e:\github\the_c_programming_texbook\c语言程序设计(何钦铭第三版)课本及实验与习题指南中的练习\c语言程序设计(何钦铭第三版)课本及实验与习题指南中的练习\debug\例3-1.obj
e:\github\the_c_programming_texbook\c语言程序设计(何钦铭第三版)课本及实验与习题指南中的练习\c语言程序设计(何钦铭第三版)课本及实验与习题指南中的练习\debug\例3-2.obj
e:\github\the_c_programming_texbook\c语言程序设计(何钦铭第三版)课本及实验与习题指南中的练习\c语言程序设计(何钦铭第三版)课本及实验与习题指南中的练习\debug\例3-3.obj
e:\github\the_c_programming_texbook\c语言程序设计(何钦铭第三版)课本及实验与习题指南中的练习\c语言程序设计(何钦铭第三版)课本及实验与习题指南中的练习\debug\例3-4.obj
e:\github\the_c_programming_texbook\c语言程序设计(何钦铭第三版)课本及实验与习题指南中的练习\c语言程序设计(何钦铭第三版)课本及实验与习题指南中的练习\debug\例3-5.obj
e:\github\the_c_programming_texbook\c语言程序设计(何钦铭第三版)课本及实验与习题指南中的练习\c语言程序设计(何钦铭第三版)课本及实验与习题指南中的练习\debug\例3-7.obj
e:\github\the_c_programming_texbook\c语言程序设计(何钦铭第三版)课本及实验与习题指南中的练习\c语言程序设计(何钦铭第三版)课本及实验与习题指南中的练习\debug\例3-6.obj
e:\github\the_c_programming_texbook\c语言程序设计(何钦铭第三版)课本及实验与习题指南中的练习\c语言程序设计(何钦铭第三版)课本及实验与习题指南中的练习\debug\例3-8.obj
e:\github\the_c_programming_texbook\c语言程序设计(何钦铭第三版)课本及实验与习题指南中的练习\c语言程序设计(何钦铭第三版)课本及实验与习题指南中的练习\debug\例3-9.obj
e:\github\the_c_programming_texbook\c语言程序设计(何钦铭第三版)课本及实验与习题指南中的练习\c语言程序设计(何钦铭第三版)课本及实验与习题指南中的练习\debug\例3-10.obj
e:\github\the_c_programming_texbook\c语言程序设计(何钦铭第三版)课本及实验与习题指南中的练习\c语言程序设计(何钦铭第三版)课本及实验与习题指南中的练习\debug\例3-11.obj
e:\github\the_c_programming_texbook\c语言程序设计(何钦铭第三版)课本及实验与习题指南中的练习\c语言程序设计(何钦铭第三版)课本及实验与习题指南中的练习\debug\例4-1.obj
e:\github\the_c_programming_texbook\c语言程序设计(何钦铭第三版)课本及实验与习题指南中的练习\c语言程序设计(何钦铭第三版)课本及实验与习题指南中的练习\debug\例4-2.obj
e:\github\the_c_programming_texbook\c语言程序设计(何钦铭第三版)课本及实验与习题指南中的练习\c语言程序设计(何钦铭第三版)课本及实验与习题指南中的练习\debug\例4-3.obj
e:\github\the_c_programming_texbook\c语言程序设计(何钦铭第三版)课本及实验与习题指南中的练习\c语言程序设计(何钦铭第三版)课本及实验与习题指南中的练习\debug\例4-4：判断素数.obj
e:\github\the_c_programming_texbook\c语言程序设计(何钦铭第三版)课本及实验与习题指南中的练习\c语言程序设计(何钦铭第三版)课本及实验与习题指南中的练习\debug\例4-3：整数位数.obj
e:\github\the_c_programming_texbook\c语言程序设计(何钦铭第三版)课本及实验与习题指南中的练习\c语言程序设计(何钦铭第三版)课本及实验与习题指南中的练习\debug\例4-5.obj
e:\github\the_c_programming_texbook\c语言程序设计(何钦铭第三版)课本及实验与习题指南中的练习\c语言程序设计(何钦铭第三版)课本及实验与习题指南中的练习\debug\例4-6.obj
e:\github\the_c_programming_texbook\c语言程序设计(何钦铭第三版)课本及实验与习题指南中的练习\c语言程序设计(何钦铭第三版)课本及实验与习题指南中的练习\debug\例4-7.obj
e:\github\the_c_programming_texbook\c语言程序设计(何钦铭第三版)课本及实验与习题指南中的练习\c语言程序设计(何钦铭第三版)课本及实验与习题指南中的练习\debug\例4-8：数组中找最大值.obj
e:\github\the_c_programming_texbook\c语言程序设计(何钦铭第三版)课本及实验与习题指南中的练习\c语言程序设计(何钦铭第三版)课本及实验与习题指南中的练习\debug\例4-7：1-100阶乘和.obj
e:\github\the_c_programming_texbook\c语言程序设计(何钦铭第三版)课本及实验与习题指南中的练习\c语言程序设计(何钦铭第三版)课本及实验与习题指南中的练习\debug\例4-9：逆序输出.obj
e:\github\the_c_programming_texbook\c语言程序设计(何钦铭第三版)课本及实验与习题指南中的练习\c语言程序设计(何钦铭第三版)课本及实验与习题指南中的练习\debug\例4-10：1-100的素数.obj
e:\github\the_c_programming_texbook\c语言程序设计(何钦铭第三版)课本及实验与习题指南中的练习\c语言程序设计(何钦铭第三版)课本及实验与习题指南中的练习\debug\例4-11：斐波那契数列.obj
e:\github\the_c_programming_texbook\c语言程序设计(何钦铭第三版)课本及实验与习题指南中的练习\c语言程序设计(何钦铭第三版)课本及实验与习题指南中的练习\debug\例4-12：穷举算法.obj
e:\github\the_c_programming_texbook\c语言程序设计(何钦铭第三版)课本及实验与习题指南中的练习\c语言程序设计(何钦铭第三版)课本及实验与习题指南中的练习\debug\例5-1.obj
e:\github\the_c_programming_texbook\c语言程序设计(何钦铭第三版)课本及实验与习题指南中的练习\c语言程序设计(何钦铭第三版)课本及实验与习题指南中的练习\debug\例5-2.obj
e:\github\the_c_programming_texbook\c语言程序设计(何钦铭第三版)课本及实验与习题指南中的练习\c语言程序设计(何钦铭第三版)课本及实验与习题指南中的练习\debug\例5-3.obj
e:\github\the_c_programming_texbook\c语言程序设计(何钦铭第三版)课本及实验与习题指南中的练习\c语言程序设计(何钦铭第三版)课本及实验与习题指南中的练习\debug\例5-4：输出1-100中素数.obj
e:\github\the_c_programming_texbook\c语言程序设计(何钦铭第三版)课本及实验与习题指南中的练习\c语言程序设计(何钦铭第三版)课本及实验与习题指南中的练习\debug\例5-5.obj
e:\github\the_c_programming_texbook\c语言程序设计(何钦铭第三版)课本及实验与习题指南中的练习\c语言程序设计(何钦铭第三版)课本及实验与习题指南中的练习\debug\例5-6.obj
e:\github\the_c_programming_texbook\c语言程序设计(何钦铭第三版)课本及实验与习题指南中的练习\c语言程序设计(何钦铭第三版)课本及实验与习题指南中的练习\debug\例5-7：全局变量定义.obj
e:\github\the_c_programming_texbook\c语言程序设计(何钦铭第三版)课本及实验与习题指南中的练习\c语言程序设计(何钦铭第三版)课本及实验与习题指南中的练习\debug\例5-8：存钱-全局变量的应用.obj
e:\github\the_c_programming_texbook\c语言程序设计(何钦铭第三版)课本及实验与习题指南中的练习\c语言程序设计(何钦铭第三版)课本及实验与习题指南中的练习\debug\例6-1.obj
e:\github\the_c_programming_texbook\c语言程序设计(何钦铭第三版)课本及实验与习题指南中的练习\c语言程序设计(何钦铭第三版)课本及实验与习题指南中的练习\debug\例5-9：静态变量的应用.obj
e:\github\the_c_programming_texbook\c语言程序设计(何钦铭第三版)课本及实验与习题指南中的练习\c语言程序设计(何钦铭第三版)课本及实验与习题指南中的练习\debug\例6-2.obj
e:\github\the_c_programming_texbook\c语言程序设计(何钦铭第三版)课本及实验与习题指南中的练习\c语言程序设计(何钦铭第三版)课本及实验与习题指南中的练习\debug\例6-3.obj
e:\github\the_c_programming_texbook\c语言程序设计(何钦铭第三版)课本及实验与习题指南中的练习\c语言程序设计(何钦铭第三版)课本及实验与习题指南中的练习\debug\例6-4.obj
e:\github\the_c_programming_texbook\c语言程序设计(何钦铭第三版)课本及实验与习题指南中的练习\c语言程序设计(何钦铭第三版)课本及实验与习题指南中的练习\debug\例6-5.obj
e:\github\the_c_programming_texbook\c语言程序设计(何钦铭第三版)课本及实验与习题指南中的练习\c语言程序设计(何钦铭第三版)课本及实验与习题指南中的练习\debug\例7-1.obj
e:\github\the_c_programming_texbook\c语言程序设计(何钦铭第三版)课本及实验与习题指南中的练习\c语言程序设计(何钦铭第三版)课本及实验与习题指南中的练习\debug\例7-2.obj
e:\github\the_c_programming_texbook\c语言程序设计(何钦铭第三版)课本及实验与习题指南中的练习\c语言程序设计(何钦铭第三版)课本及实验与习题指南中的练习\debug\例7-3.obj
e:\github\the_c_programming_texbook\c语言程序设计(何钦铭第三版)课本及实验与习题指南中的练习\c语言程序设计(何钦铭第三版)课本及实验与习题指南中的练习\debug\例7-6.obj
e:\github\the_c_programming_texbook\c语言程序设计(何钦铭第三版)课本及实验与习题指南中的练习\c语言程序设计(何钦铭第三版)课本及实验与习题指南中的练习\debug\例7-5：选择排序.obj
e:\github\the_c_programming_texbook\c语言程序设计(何钦铭第三版)课本及实验与习题指南中的练习\c语言程序设计(何钦铭第三版)课本及实验与习题指南中的练习\debug\例7-4.obj
e:\github\the_c_programming_texbook\c语言程序设计(何钦铭第三版)课本及实验与习题指南中的练习\c语言程序设计(何钦铭第三版)课本及实验与习题指南中的练习\debug\例7-7：二维数组.obj
e:\github\the_c_programming_texbook\c语言程序设计(何钦铭第三版)课本及实验与习题指南中的练习\c语言程序设计(何钦铭第三版)课本及实验与习题指南中的练习\debug\例7-8.obj
e:\github\the_c_programming_texbook\c语言程序设计(何钦铭第三版)课本及实验与习题指南中的练习\c语言程序设计(何钦铭第三版)课本及实验与习题指南中的练习\debug\例7-9.obj
e:\github\the_c_programming_texbook\c语言程序设计(何钦铭第三版)课本及实验与习题指南中的练习\c语言程序设计(何钦铭第三版)课本及实验与习题指南中的练习\debug\例7-10：日期转换位天数.obj
e:\github\the_c_programming_texbook\c语言程序设计(何钦铭第三版)课本及实验与习题指南中的练习\c语言程序设计(何钦铭第三版)课本及实验与习题指南中的练习\debug\例7-11：判断回文.obj
e:\github\the_c_programming_texbook\c语言程序设计(何钦铭第三版)课本及实验与习题指南中的练习\c语言程序设计(何钦铭第三版)课本及实验与习题指南中的练习\debug\例7-12.obj
e:\github\the_c_programming_texbook\c语言程序设计(何钦铭第三版)课本及实验与习题指南中的练习\c语言程序设计(何钦铭第三版)课本及实验与习题指南中的练习\debug\例7-13.obj
e:\github\the_c_programming_texbook\c语言程序设计(何钦铭第三版)课本及实验与习题指南中的练习\c语言程序设计(何钦铭第三版)课本及实验与习题指南中的练习\debug\例7-14：进制双向转换.obj
e:\github\the_c_programming_texbook\c语言程序设计(何钦铭第三版)课本及实验与习题指南中的练习\c语言程序设计(何钦铭第三版)课本及实验与习题指南中的练习\debug\例7-13：进制合成为整数.obj
e:\github\the_c_programming_texbook\c语言程序设计(何钦铭第三版)课本及实验与习题指南中的练习\c语言程序设计(何钦铭第三版)课本及实验与习题指南中的练习\debug\例8-2.obj
e:\github\the_c_programming_texbook\c语言程序设计(何钦铭第三版)课本及实验与习题指南中的练习\c语言程序设计(何钦铭第三版)课本及实验与习题指南中的练习\debug\例8-1.obj
e:\github\the_c_programming_texbook\c语言程序设计(何钦铭第三版)课本及实验与习题指南中的练习\c语言程序设计(何钦铭第三版)课本及实验与习题指南中的练习\debug\例8-3.obj
e:\github\the_c_programming_texbook\c语言程序设计(何钦铭第三版)课本及实验与习题指南中的练习\c语言程序设计(何钦铭第三版)课本及实验与习题指南中的练习\debug\例7-10：日期转换为天数.obj
e:\github\the_c_programming_texbook\c语言程序设计(何钦铭第三版)课本及实验与习题指南中的练习\c语言程序设计(何钦铭第三版)课本及实验与习题指南中的练习\debug\例8-5：冒泡排序.obj
e:\github\the_c_programming_texbook\c语言程序设计(何钦铭第三版)课本及实验与习题指南中的练习\c语言程序设计(何钦铭第三版)课本及实验与习题指南中的练习\debug\例8-4天数转换为日期.obj
e:\github\the_c_programming_texbook\c语言程序设计(何钦铭第三版)课本及实验与习题指南中的练习\c语言程序设计(何钦铭第三版)课本及实验与习题指南中的练习\debug\例8-6：指针计算数组元素个数.obj
e:\github\the_c_programming_texbook\c语言程序设计(何钦铭第三版)课本及实验与习题指南中的练习\c语言程序设计(何钦铭第三版)课本及实验与习题指南中的练习\debug\例8-7.obj
e:\github\the_c_programming_texbook\c语言程序设计(何钦铭第三版)课本及实验与习题指南中的练习\c语言程序设计(何钦铭第三版)课本及实验与习题指南中的练习\debug\例8-8：二分查找.obj
e:\github\the_c_programming_texbook\c语言程序设计(何钦铭第三版)课本及实验与习题指南中的练习\debug\c语言程序设计(何钦铭第三版)课本及实验与习题指南中的练习.exe
e:\github\the_c_programming_texbook\c语言程序设计(何钦铭第三版)课本及实验与习题指南中的练习\debug\c语言程序设计(何钦铭第三版)课本及实验与习题指南中的练习.ilk
e:\github\the_c_programming_texbook\c语言程序设计(何钦铭第三版)课本及实验与习题指南中的练习\debug\c语言程序设计(何钦铭第三版)课本及实验与习题指南中的练习.pdb
e:\github\the_c_programming_texbook\c语言程序设计(何钦铭第三版)课本及实验与习题指南中的练习\c语言程序设计(何钦铭第三版)课本及实验与习题指南中的练习\debug\c语言程序设计(.73c6b093.tlog\cl.command.1.tlog
e:\github\the_c_programming_texbook\c语言程序设计(何钦铭第三版)课本及实验与习题指南中的练习\c语言程序设计(何钦铭第三版)课本及实验与习题指南中的练习\debug\c语言程序设计(.73c6b093.tlog\cl.read.1.tlog
e:\github\the_c_programming_texbook\c语言程序设计(何钦铭第三版)课本及实验与习题指南中的练习\c语言程序设计(何钦铭第三版)课本及实验与习题指南中的练习\debug\c语言程序设计(.73c6b093.tlog\cl.write.1.tlog
e:\github\the_c_programming_texbook\c语言程序设计(何钦铭第三版)课本及实验与习题指南中的练习\c语言程序设计(何钦铭第三版)课本及实验与习题指南中的练习\debug\c语言程序设计(.73c6b093.tlog\link.command.1.tlog
e:\github\the_c_programming_texbook\c语言程序设计(何钦铭第三版)课本及实验与习题指南中的练习\c语言程序设计(何钦铭第三版)课本及实验与习题指南中的练习\debug\c语言程序设计(.73c6b093.tlog\link.read.1.tlog
e:\github\the_c_programming_texbook\c语言程序设计(何钦铭第三版)课本及实验与习题指南中的练习\c语言程序设计(何钦铭第三版)课本及实验与习题指南中的练习\debug\c语言程序设计(.73c6b093.tlog\link.write.1.tlog
